[debug] [2026-06-01T09:13:45.328Z] ----------------------------------------------------------------------
[debug] [2026-06-01T09:13:45.352Z] Command:       C:\nvm4w\nodejs\node.exe C:\nvm4w\nodejs\node_modules\firebase-tools\lib\bin\firebase.js init hosting
[debug] [2026-06-01T09:13:45.353Z] CLI Version:   15.19.0
[debug] [2026-06-01T09:13:45.353Z] Platform:      win32
[debug] [2026-06-01T09:13:45.353Z] Node Version:  v24.15.0
[debug] [2026-06-01T09:13:45.354Z] Time:          Mon Jun 01 2026 17:13:45 GMT+0800 (Philippine Standard Time)
[debug] [2026-06-01T09:13:45.354Z] ----------------------------------------------------------------------
[debug] 
[info] 
     ######## #### ########  ######## ########     ###     ######  ########
     ##        ##  ##     ## ##       ##     ##  ##   ##  ##       ##
     ######    ##  ########  ######   ########  #########  ######  ######
     ##        ##  ##    ##  ##       ##     ## ##     ##       ## ##
     ##       #### ##     ## ######## ########  ##     ##  ######  ########

You're about to initialize a Firebase project in this directory:

  C:\LET-Rev Admin-panel

Before we get started, keep in mind:

  * You are currently outside your home directory

[debug] [2026-06-01T09:20:52.503Z] ExitPromptError: User force closed the prompt with SIGINT
    at Interface.sigint (C:\nvmForLETREV\nvm\v24.15.0\node_modules\firebase-tools\node_modules\@inquirer\core\dist\commonjs\lib\create-prompt.js:101:37)
    at Interface.emit (node:events:509:28)
    at [_ttyWrite] [as _ttyWrite] (node:internal/readline/interface:1327:18)
    at ReadStream.onkeypress (node:internal/readline/interface:284:20)
    at ReadStream.emit (node:events:521:24)
    at emitKeys (node:internal/readline/utils:371:14)
    at emitKeys.next (<anonymous>)
    at ReadStream.onData (node:internal/readline/emitKeypressEvents:64:36)
    at ReadStream.emit (node:events:509:28)
    at addChunk (node:internal/streams/readable:563:12)
[error] 
[error] Error: An unexpected error has occurred.
